/*C5*/SET SCHEMA PUBLIC
DISCONNECT
/*C7*/SET SCHEMA FACTURACION
INSERT INTO CLIENTE VALUES(16,'NOE ARTURO PAT PUC',77259,'Calles 57','Felipe Carrillo Puerto','Calles 57')
COMMIT
INSERT INTO CLIENTE VALUES(18,'PEDRO ISAI TUZ PAT',77259,'Calles 57','Felipe Carrillo Puerto','Calles 57')
COMMIT
INSERT INTO DOCUMENTOCOMERCIAL VALUES('Factura','4028819583f386ad0183f38a54f60000',2022,'2022-10-19',3,'',16,NULL,133.10,23.10,21)
INSERT INTO DOCUMENTOCOMERCIAL_DETALLES VALUES('4028819583f386ad0183f38a54f60000',2,2,55.00)
COMMIT
DELETE FROM DOCUMENTOCOMERCIAL_DETALLES WHERE DOCUMENTOCOMERCIAL_OID='4028818883c50e460183c5100f3b0003' AND CANTIDAD=0 AND PRODUCTO_NUMERO=15 AND PRECIOPORUNIDAD=20.00
DELETE FROM DOCUMENTOCOMERCIAL WHERE OID='4028818883c50e460183c5100f3b0003'
COMMIT
DELETE FROM DOCUMENTOCOMERCIAL WHERE OID='4028818883c4ee2d0183c4f055ec0000'
INSERT INTO DOCUMENTOCOMERCIAL VALUES('Factura','4028818883c4ee2d0183c4f055ec0000',2022,'2022-10-10',1,'',15,NULL,0.00,0.00,21)
COMMIT
DELETE FROM DOCUMENTOCOMERCIAL WHERE OID='4028818883c4ee2d0183c4f055ec0000'
INSERT INTO DOCUMENTOCOMERCIAL VALUES('Factura','4028818883c4ee2d0183c4f055ec0000',2022,'2022-10-10',1,'',15,NULL,48.40,8.40,21)
COMMIT
INSERT INTO DOCUMENTOCOMERCIAL_DETALLES VALUES('4028818883c4ee2d0183c4f055ec0000',2,15,20.00)
COMMIT
